PROJECT_MAP/app/build/intermediates/manifest_merge_blame_file/release/manifest-merger-blame-release-report.txt
1<?xml version="1.0" encoding="utf-8"?>
2<manifest xmlns:android="http://schemas.android.com/apk/res/android"
3    package="umn.ac.id.project_map"
4    android:versionCode="1"
5    android:versionName="1.0" >
6
7    <uses-sdk
8        android:minSdkVersion="21"
8-->src\main\AndroidManifest.xml
9        android:targetSdkVersion="32" />
9-->src\main\AndroidManifest.xml
10
11    <uses-permission android:name="com.google.android.providers.gsf.permission.READ_GSERVICES" />
11-->src\main\AndroidManifest.xml:5:5-97
11-->src\main\AndroidManifest.xml:5:22-95
12
13    <!-- Include required permissions for Google Maps API to run. -->
14    <uses-permission android:name="android.permission.ACCESS_NETWORK_STATE" />
14-->[com.google.android.gms:play-services-maps:17.0.1] AndroidManifest.xml:23:5-79
14-->[com.google.android.gms:play-services-maps:17.0.1] AndroidManifest.xml:23:22-76
15    <uses-permission android:name="android.permission.INTERNET" />
15-->[com.google.android.gms:play-services-maps:17.0.1] AndroidManifest.xml:24:5-67
15-->[com.google.android.gms:play-services-maps:17.0.1] AndroidManifest.xml:24:22-64
16
17    <uses-feature
17-->[com.google.android.gms:play-services-maps:17.0.1] AndroidManifest.xml:26:5-28:35
18        android:glEsVersion="0x00020000"
18-->[com.google.android.gms:play-services-maps:17.0.1] AndroidManifest.xml:27:9-41
19        android:required="true" />
19-->[com.google.android.gms:play-services-maps:17.0.1] AndroidManifest.xml:28:9-32
20
21    <queries>
21-->[com.google.android.gms:play-services-maps:17.0.1] AndroidManifest.xml:30:5-34:15
22
23        <!-- Needs to be explicitly declared on Android R+ -->
24        <package android:name="com.google.android.apps.maps" />
24-->[com.google.android.gms:play-services-maps:17.0.1] AndroidManifest.xml:33:9-64
24-->[com.google.android.gms:play-services-maps:17.0.1] AndroidManifest.xml:33:18-61
25    </queries>
26
27    <application
27-->src\main\AndroidManifest.xml:6:5-89:19
28        android:allowBackup="true"
28-->src\main\AndroidManifest.xml:7:9-35
29        android:appComponentFactory="androidx.core.app.CoreComponentFactory"
29-->[androidx.core:core:1.8.0] AndroidManifest.xml:24:18-86
30        android:dataExtractionRules="@xml/data_extraction_rules"
30-->src\main\AndroidManifest.xml:8:9-65
31        android:fullBackupContent="@xml/backup_rules"
31-->src\main\AndroidManifest.xml:9:9-54
32        android:icon="@mipmap/ic_launcher"
32-->src\main\AndroidManifest.xml:10:9-43
33        android:label="@string/app_name"
33-->src\main\AndroidManifest.xml:11:9-41
34        android:roundIcon="@mipmap/ic_launcher_round"
34-->src\main\AndroidManifest.xml:12:9-54
35        android:supportsRtl="true"
35-->src\main\AndroidManifest.xml:13:9-35
36        android:theme="@style/AppTheme.NoActionBar"
36-->src\main\AndroidManifest.xml:14:9-52
37        android:usesCleartextTraffic="true" >
37-->src\main\AndroidManifest.xml:15:9-44
38        <activity
38-->src\main\AndroidManifest.xml:18:9-20:40
39            android:name="umn.ac.id.project_map.EditProfile"
39-->src\main\AndroidManifest.xml:19:13-40
40            android:exported="false" />
40-->src\main\AndroidManifest.xml:20:13-37
41
42        <meta-data
42-->src\main\AndroidManifest.xml:22:9-24:69
43            android:name="com.google.android.gms.version"
43-->src\main\AndroidManifest.xml:23:13-58
44            android:value="@integer/google_play_services_version" />
44-->src\main\AndroidManifest.xml:24:13-66
45        <meta-data
45-->src\main\AndroidManifest.xml:25:9-27:71
46            android:name="com.google.android.maps.v2.API_KEY"
46-->src\main\AndroidManifest.xml:26:13-62
47            android:value="AIzaSyAHK382K2j15tX1bvtMhmOdlWm8UHVY2LM" />
47-->src\main\AndroidManifest.xml:27:13-68
48
49        <activity
49-->src\main\AndroidManifest.xml:29:9-31:40
50            android:name="umn.ac.id.project_map.Notification"
50-->src\main\AndroidManifest.xml:30:13-41
51            android:exported="false" />
51-->src\main\AndroidManifest.xml:31:13-37
52        <!-- <activity -->
53        <!-- android:name=".Coupon_list" -->
54        <!-- android:exported="false" /> -->
55        <!-- <activity -->
56        <!-- android:name=".CouponAdapter" -->
57        <!-- android:exported="false" /> -->
58        <!-- <activity -->
59        <!-- android:name=".Coupon_list" -->
60        <!-- android:exported="false" /> -->
61        <activity
61-->src\main\AndroidManifest.xml:41:9-49:20
62            android:name="umn.ac.id.project_map.SplashScreen"
62-->src\main\AndroidManifest.xml:42:13-41
63            android:exported="true" >
63-->src\main\AndroidManifest.xml:43:13-36
64            <intent-filter>
64-->src\main\AndroidManifest.xml:44:13-48:29
65                <action android:name="android.intent.action.MAIN" />
65-->src\main\AndroidManifest.xml:45:17-69
65-->src\main\AndroidManifest.xml:45:25-66
66
67                <category android:name="android.intent.category.LAUNCHER" />
67-->src\main\AndroidManifest.xml:47:17-77
67-->src\main\AndroidManifest.xml:47:27-74
68            </intent-filter>
69        </activity>
70        <activity
70-->src\main\AndroidManifest.xml:50:9-52:40
71            android:name="umn.ac.id.project_map.OrderPage"
71-->src\main\AndroidManifest.xml:51:13-38
72            android:exported="false" />
72-->src\main\AndroidManifest.xml:52:13-37
73        <activity
73-->src\main\AndroidManifest.xml:53:9-55:40
74            android:name="umn.ac.id.project_map.SelectLaundry"
74-->src\main\AndroidManifest.xml:54:13-42
75            android:exported="false" />
75-->src\main\AndroidManifest.xml:55:13-37
76        <activity
76-->src\main\AndroidManifest.xml:56:9-58:40
77            android:name="umn.ac.id.project_map.CheckOut"
77-->src\main\AndroidManifest.xml:57:13-37
78            android:exported="false" />
78-->src\main\AndroidManifest.xml:58:13-37
79        <activity
79-->src\main\AndroidManifest.xml:59:9-61:40
80            android:name="umn.ac.id.project_map.ConfirmOrder"
80-->src\main\AndroidManifest.xml:60:13-41
81            android:exported="false" />
81-->src\main\AndroidManifest.xml:61:13-37
82        <activity
82-->src\main\AndroidManifest.xml:62:9-64:40
83            android:name="umn.ac.id.project_map.Receipt"
83-->src\main\AndroidManifest.xml:63:13-36
84            android:exported="false" />
84-->src\main\AndroidManifest.xml:64:13-37
85        <activity
85-->src\main\AndroidManifest.xml:65:9-67:40
86            android:name="umn.ac.id.project_map.RatingOutlet"
86-->src\main\AndroidManifest.xml:66:13-41
87            android:exported="false" />
87-->src\main\AndroidManifest.xml:67:13-37
88        <activity
88-->src\main\AndroidManifest.xml:68:9-70:40
89            android:name="umn.ac.id.project_map.RatingDriver"
89-->src\main\AndroidManifest.xml:69:13-41
90            android:exported="false" />
90-->src\main\AndroidManifest.xml:70:13-37
91        <activity
91-->src\main\AndroidManifest.xml:71:9-73:40
92            android:name="umn.ac.id.project_map.Profile"
92-->src\main\AndroidManifest.xml:72:13-36
93            android:exported="false" />
93-->src\main\AndroidManifest.xml:73:13-37
94        <activity
94-->src\main\AndroidManifest.xml:74:9-76:40
95            android:name="umn.ac.id.project_map.SignUp"
95-->src\main\AndroidManifest.xml:75:13-35
96            android:exported="false" />
96-->src\main\AndroidManifest.xml:76:13-37
97        <activity
97-->src\main\AndroidManifest.xml:77:9-79:40
98            android:name="umn.ac.id.project_map.Login"
98-->src\main\AndroidManifest.xml:78:13-34
99            android:exported="false" />
99-->src\main\AndroidManifest.xml:79:13-37
100        <activity
100-->src\main\AndroidManifest.xml:80:9-82:40
101            android:name="umn.ac.id.project_map.MainActivity"
101-->src\main\AndroidManifest.xml:81:13-41
102            android:exported="false" />
102-->src\main\AndroidManifest.xml:82:13-37
103        <activity
103-->src\main\AndroidManifest.xml:83:9-85:40
104            android:name="umn.ac.id.project_map.SelectLaundryOutlet"
104-->src\main\AndroidManifest.xml:84:13-48
105            android:exported="false" />
105-->src\main\AndroidManifest.xml:85:13-37
106        <activity
106-->src\main\AndroidManifest.xml:86:9-88:40
107            android:name="umn.ac.id.project_map.SelectLaundryItem"
107-->src\main\AndroidManifest.xml:87:13-46
108            android:exported="false" />
108-->src\main\AndroidManifest.xml:88:13-37
109        <!-- Needs to be explicitly declared on P+ -->
110        <uses-library
110-->[com.google.android.gms:play-services-maps:17.0.1] AndroidManifest.xml:39:9-41:40
111            android:name="org.apache.http.legacy"
111-->[com.google.android.gms:play-services-maps:17.0.1] AndroidManifest.xml:40:13-50
112            android:required="false" />
112-->[com.google.android.gms:play-services-maps:17.0.1] AndroidManifest.xml:41:13-37
113
114        <service
114-->[com.google.firebase:firebase-storage:19.1.1] AndroidManifest.xml:30:9-36:19
115            android:name="com.google.firebase.components.ComponentDiscoveryService"
115-->[com.google.firebase:firebase-storage:19.1.1] AndroidManifest.xml:31:13-84
116            android:directBootAware="true"
116-->[com.google.firebase:firebase-common:20.2.0] AndroidManifest.xml:34:13-43
117            android:exported="false" >
117-->[com.google.firebase:firebase-storage:19.1.1] AndroidManifest.xml:32:13-37
118            <meta-data
118-->[com.google.firebase:firebase-storage:19.1.1] AndroidManifest.xml:33:13-35:85
119                android:name="com.google.firebase.components:com.google.firebase.storage.StorageRegistrar"
119-->[com.google.firebase:firebase-storage:19.1.1] AndroidManifest.xml:34:17-107
120                android:value="com.google.firebase.components.ComponentRegistrar" />
120-->[com.google.firebase:firebase-storage:19.1.1] AndroidManifest.xml:35:17-82
121            <meta-data
121-->[com.google.firebase:firebase-database:20.1.0] AndroidManifest.xml:31:13-33:85
122                android:name="com.google.firebase.components:com.google.firebase.database.DatabaseRegistrar"
122-->[com.google.firebase:firebase-database:20.1.0] AndroidManifest.xml:32:17-109
123                android:value="com.google.firebase.components.ComponentRegistrar" />
123-->[com.google.firebase:firebase-database:20.1.0] AndroidManifest.xml:33:17-82
124            <meta-data
124-->[com.google.firebase:firebase-auth:21.1.0] AndroidManifest.xml:67:13-69:85
125                android:name="com.google.firebase.components:com.google.firebase.auth.FirebaseAuthRegistrar"
125-->[com.google.firebase:firebase-auth:21.1.0] AndroidManifest.xml:68:17-109
126                android:value="com.google.firebase.components.ComponentRegistrar" />
126-->[com.google.firebase:firebase-auth:21.1.0] AndroidManifest.xml:69:17-82
127            <meta-data
127-->[com.google.firebase:firebase-firestore:24.4.1] AndroidManifest.xml:19:13-21:85
128                android:name="com.google.firebase.components:com.google.firebase.firestore.FirestoreRegistrar"
128-->[com.google.firebase:firebase-firestore:24.4.1] AndroidManifest.xml:20:17-111
129                android:value="com.google.firebase.components.ComponentRegistrar" />
129-->[com.google.firebase:firebase-firestore:24.4.1] AndroidManifest.xml:21:17-82
130        </service>
131
132        <activity
132-->[com.google.firebase:firebase-auth:21.1.0] AndroidManifest.xml:27:9-44:20
133            android:name="com.google.firebase.auth.internal.GenericIdpActivity"
133-->[com.google.firebase:firebase-auth:21.1.0] AndroidManifest.xml:28:13-80
134            android:excludeFromRecents="true"
134-->[com.google.firebase:firebase-auth:21.1.0] AndroidManifest.xml:29:13-46
135            android:exported="true"
135-->[com.google.firebase:firebase-auth:21.1.0] AndroidManifest.xml:30:13-36
136            android:launchMode="singleTask"
136-->[com.google.firebase:firebase-auth:21.1.0] AndroidManifest.xml:31:13-44
137            android:theme="@android:style/Theme.Translucent.NoTitleBar" >
137-->[com.google.firebase:firebase-auth:21.1.0] AndroidManifest.xml:32:13-72
138            <intent-filter>
138-->[com.google.firebase:firebase-auth:21.1.0] AndroidManifest.xml:33:13-43:29
139                <action android:name="android.intent.action.VIEW" />
139-->[com.google.firebase:firebase-auth:21.1.0] AndroidManifest.xml:34:17-69
139-->[com.google.firebase:firebase-auth:21.1.0] AndroidManifest.xml:34:25-66
140
141                <category android:name="android.intent.category.DEFAULT" />
141-->[com.google.firebase:firebase-auth:21.1.0] AndroidManifest.xml:36:17-76
141-->[com.google.firebase:firebase-auth:21.1.0] AndroidManifest.xml:36:27-73
142                <category android:name="android.intent.category.BROWSABLE" />
142-->[com.google.firebase:firebase-auth:21.1.0] AndroidManifest.xml:37:17-78
142-->[com.google.firebase:firebase-auth:21.1.0] AndroidManifest.xml:37:27-75
143
144                <data
144-->[com.google.firebase:firebase-auth:21.1.0] AndroidManifest.xml:39:17-42:51
145                    android:host="firebase.auth"
145-->[com.google.firebase:firebase-auth:21.1.0] AndroidManifest.xml:40:21-49
146                    android:path="/"
146-->[com.google.firebase:firebase-auth:21.1.0] AndroidManifest.xml:41:21-37
147                    android:scheme="genericidp" />
147-->[com.google.firebase:firebase-auth:21.1.0] AndroidManifest.xml:42:21-48
148            </intent-filter>
149        </activity>
150        <activity
150-->[com.google.firebase:firebase-auth:21.1.0] AndroidManifest.xml:45:9-62:20
151            android:name="com.google.firebase.auth.internal.RecaptchaActivity"
151-->[com.google.firebase:firebase-auth:21.1.0] AndroidManifest.xml:46:13-79
152            android:excludeFromRecents="true"
152-->[com.google.firebase:firebase-auth:21.1.0] AndroidManifest.xml:47:13-46
153            android:exported="true"
153-->[com.google.firebase:firebase-auth:21.1.0] AndroidManifest.xml:48:13-36
154            android:launchMode="singleTask"
154-->[com.google.firebase:firebase-auth:21.1.0] AndroidManifest.xml:49:13-44
155            android:theme="@android:style/Theme.Translucent.NoTitleBar" >
155-->[com.google.firebase:firebase-auth:21.1.0] AndroidManifest.xml:50:13-72
156            <intent-filter>
156-->[com.google.firebase:firebase-auth:21.1.0] AndroidManifest.xml:51:13-61:29
157                <action android:name="android.intent.action.VIEW" />
157-->[com.google.firebase:firebase-auth:21.1.0] AndroidManifest.xml:34:17-69
157-->[com.google.firebase:firebase-auth:21.1.0] AndroidManifest.xml:34:25-66
158
159                <category android:name="android.intent.category.DEFAULT" />
159-->[com.google.firebase:firebase-auth:21.1.0] AndroidManifest.xml:36:17-76
159-->[com.google.firebase:firebase-auth:21.1.0] AndroidManifest.xml:36:27-73
160                <category android:name="android.intent.category.BROWSABLE" />
160-->[com.google.firebase:firebase-auth:21.1.0] AndroidManifest.xml:37:17-78
160-->[com.google.firebase:firebase-auth:21.1.0] AndroidManifest.xml:37:27-75
161
162                <data
162-->[com.google.firebase:firebase-auth:21.1.0] AndroidManifest.xml:39:17-42:51
163                    android:host="firebase.auth"
163-->[com.google.firebase:firebase-auth:21.1.0] AndroidManifest.xml:40:21-49
164                    android:path="/"
164-->[com.google.firebase:firebase-auth:21.1.0] AndroidManifest.xml:41:21-37
165                    android:scheme="recaptcha" />
165-->[com.google.firebase:firebase-auth:21.1.0] AndroidManifest.xml:42:21-48
166            </intent-filter>
167        </activity>
168        <activity
168-->[com.google.android.gms:play-services-base:18.0.1] AndroidManifest.xml:20:9-22:45
169            android:name="com.google.android.gms.common.api.GoogleApiActivity"
169-->[com.google.android.gms:play-services-base:18.0.1] AndroidManifest.xml:20:19-85
170            android:exported="false"
170-->[com.google.android.gms:play-services-base:18.0.1] AndroidManifest.xml:22:19-43
171            android:theme="@android:style/Theme.Translucent.NoTitleBar" />
171-->[com.google.android.gms:play-services-base:18.0.1] AndroidManifest.xml:21:19-78
172
173        <provider
173-->[com.google.firebase:firebase-common:20.2.0] AndroidManifest.xml:25:9-30:39
174            android:name="com.google.firebase.provider.FirebaseInitProvider"
174-->[com.google.firebase:firebase-common:20.2.0] AndroidManifest.xml:26:13-77
175            android:authorities="umn.ac.id.project_map.firebaseinitprovider"
175-->[com.google.firebase:firebase-common:20.2.0] AndroidManifest.xml:27:13-72
176            android:directBootAware="true"
176-->[com.google.firebase:firebase-common:20.2.0] AndroidManifest.xml:28:13-43
177            android:exported="false"
177-->[com.google.firebase:firebase-common:20.2.0] AndroidManifest.xml:29:13-37
178            android:initOrder="100" />
178-->[com.google.firebase:firebase-common:20.2.0] AndroidManifest.xml:30:13-36
179        <provider
179-->[androidx.emoji2:emoji2:1.2.0] AndroidManifest.xml:24:9-32:20
180            android:name="androidx.startup.InitializationProvider"
180-->[androidx.emoji2:emoji2:1.2.0] AndroidManifest.xml:25:13-67
181            android:authorities="umn.ac.id.project_map.androidx-startup"
181-->[androidx.emoji2:emoji2:1.2.0] AndroidManifest.xml:26:13-68
182            android:exported="false" >
182-->[androidx.emoji2:emoji2:1.2.0] AndroidManifest.xml:27:13-37
183            <meta-data
183-->[androidx.emoji2:emoji2:1.2.0] AndroidManifest.xml:29:13-31:52
184                android:name="androidx.emoji2.text.EmojiCompatInitializer"
184-->[androidx.emoji2:emoji2:1.2.0] AndroidManifest.xml:30:17-75
185                android:value="androidx.startup" />
185-->[androidx.emoji2:emoji2:1.2.0] AndroidManifest.xml:31:17-49
186            <meta-data
186-->[androidx.lifecycle:lifecycle-process:2.4.1] AndroidManifest.xml:31:13-33:52
187                android:name="androidx.lifecycle.ProcessLifecycleInitializer"
187-->[androidx.lifecycle:lifecycle-process:2.4.1] AndroidManifest.xml:32:17-78
188                android:value="androidx.startup" />
188-->[androidx.lifecycle:lifecycle-process:2.4.1] AndroidManifest.xml:33:17-49
189        </provider>
190    </application>
191
192</manifest>